{"C:\\AllProjects\\ToDoList\\src\\Clear.js": {"path":"C:\\AllProjects\\ToDoList\\src\\Clear.js","all":false,"statementMap":{"0":{"start":{"line":1,"column":0},"end":{"line":1,"column":37}},"1":{"start":{"line":2,"column":0},"end":{"line":2,"column":0}},"2":{"start":{"line":3,"column":0},"end":{"line":3,"column":22}},"3":{"start":{"line":4,"column":0},"end":{"line":4,"column":21}},"4":{"start":{"line":5,"column":0},"end":{"line":5,"column":58}},"5":{"start":{"line":6,"column":0},"end":{"line":6,"column":59}},"6":{"start":{"line":7,"column":0},"end":{"line":7,"column":57}},"7":{"start":{"line":8,"column":0},"end":{"line":8,"column":58}},"8":{"start":{"line":9,"column":0},"end":{"line":9,"column":21}},"9":{"start":{"line":10,"column":0},"end":{"line":10,"column":2}},"10":{"start":{"line":11,"column":0},"end":{"line":11,"column":0}},"11":{"start":{"line":12,"column":0},"end":{"line":12,"column":21}}},"s":{"0":1,"1":1,"2":1,"3":1,"4":1,"5":1,"6":1,"7":1,"8":1,"9":1,"10":1,"11":1},"branchMap":{"0":{"type":"branch","line":3,"loc":{"start":{"line":3,"column":14},"end":{"line":10,"column":2}},"locations":[{"start":{"line":3,"column":14},"end":{"line":10,"column":2}}]},"1":{"type":"branch","line":6,"loc":{"start":{"line":6,"column":32},"end":{"line":6,"column":58}},"locations":[{"start":{"line":6,"column":32},"end":{"line":6,"column":58}}]},"2":{"type":"branch","line":7,"loc":{"start":{"line":7,"column":19},"end":{"line":7,"column":55}},"locations":[{"start":{"line":7,"column":19},"end":{"line":7,"column":55}}]}},"b":{"0":[1],"1":[4],"2":[2]},"fnMap":{"0":{"name":"Clear","decl":{"start":{"line":3,"column":14},"end":{"line":10,"column":2}},"loc":{"start":{"line":3,"column":14},"end":{"line":10,"column":2}},"line":3}},"f":{"0":1}}
,"C:\\AllProjects\\ToDoList\\src\\LoadTask.js": {"path":"C:\\AllProjects\\ToDoList\\src\\LoadTask.js","all":false,"statementMap":{"0":{"start":{"line":1,"column":0},"end":{"line":1,"column":29}},"1":{"start":{"line":2,"column":0},"end":{"line":2,"column":55}},"2":{"start":{"line":3,"column":0},"end":{"line":3,"column":42}},"3":{"start":{"line":4,"column":0},"end":{"line":4,"column":26}},"4":{"start":{"line":5,"column":0},"end":{"line":5,"column":27}},"5":{"start":{"line":6,"column":0},"end":{"line":6,"column":103}},"6":{"start":{"line":7,"column":0},"end":{"line":7,"column":48}},"7":{"start":{"line":8,"column":0},"end":{"line":8,"column":135}},"8":{"start":{"line":9,"column":0},"end":{"line":9,"column":132}},"9":{"start":{"line":10,"column":0},"end":{"line":10,"column":34}},"10":{"start":{"line":11,"column":0},"end":{"line":11,"column":49}},"11":{"start":{"line":12,"column":0},"end":{"line":12,"column":52}},"12":{"start":{"line":13,"column":0},"end":{"line":13,"column":92}},"13":{"start":{"line":14,"column":0},"end":{"line":14,"column":79}},"14":{"start":{"line":15,"column":0},"end":{"line":15,"column":41}},"15":{"start":{"line":16,"column":0},"end":{"line":16,"column":36}},"16":{"start":{"line":17,"column":0},"end":{"line":17,"column":50}},"17":{"start":{"line":18,"column":0},"end":{"line":18,"column":89}},"18":{"start":{"line":19,"column":0},"end":{"line":19,"column":71}},"19":{"start":{"line":20,"column":0},"end":{"line":20,"column":41}},"20":{"start":{"line":21,"column":0},"end":{"line":21,"column":36}},"21":{"start":{"line":22,"column":0},"end":{"line":22,"column":34}},"22":{"start":{"line":23,"column":0},"end":{"line":23,"column":33}},"23":{"start":{"line":24,"column":0},"end":{"line":24,"column":35}},"24":{"start":{"line":25,"column":0},"end":{"line":25,"column":5}},"25":{"start":{"line":26,"column":0},"end":{"line":26,"column":2}},"26":{"start":{"line":27,"column":0},"end":{"line":27,"column":28}},"27":{"start":{"line":28,"column":0},"end":{"line":28,"column":24}},"28":{"start":{"line":29,"column":0},"end":{"line":29,"column":3}},"29":{"start":{"line":30,"column":0},"end":{"line":30,"column":0}},"30":{"start":{"line":31,"column":0},"end":{"line":31,"column":24}}},"s":{"0":1,"1":1,"2":1,"3":1,"4":1,"5":0,"6":0,"7":0,"8":0,"9":0,"10":0,"11":0,"12":0,"13":0,"14":0,"15":0,"16":0,"17":0,"18":0,"19":0,"20":0,"21":0,"22":0,"23":0,"24":1,"25":1,"26":1,"27":1,"28":1,"29":1,"30":1},"branchMap":{"0":{"type":"branch","line":1,"loc":{"start":{"line":1,"column":17},"end":{"line":26,"column":2}},"locations":[{"start":{"line":1,"column":17},"end":{"line":26,"column":2}}]},"1":{"type":"branch","line":27,"loc":{"start":{"line":27,"column":21},"end":{"line":29,"column":2}},"locations":[{"start":{"line":27,"column":21},"end":{"line":29,"column":2}}]}},"b":{"0":[1],"1":[1]},"fnMap":{"0":{"name":"LoadTask","decl":{"start":{"line":1,"column":17},"end":{"line":26,"column":2}},"loc":{"start":{"line":1,"column":17},"end":{"line":26,"column":2}},"line":1}},"f":{"0":1}}
}
