TN:
SF:src\Clear.js
FN:3,Clear
FNF:1
FNH:1
FNDA:1,Clear
DA:1,1
DA:2,1
DA:3,1
DA:4,1
DA:5,1
DA:6,1
DA:7,1
DA:8,1
DA:9,1
DA:10,1
DA:11,1
DA:12,1
LF:12
LH:12
BRDA:3,0,0,1
BRDA:6,1,0,4
BRDA:7,2,0,2
BRF:3
BRH:3
end_of_record
TN:
SF:src\LoadTask.js
FN:1,LoadTask
FNF:1
FNH:1
FNDA:1,LoadTask
DA:1,1
DA:2,1
DA:3,1
DA:4,1
DA:5,1
DA:6,0
DA:7,0
DA:8,0
DA:9,0
DA:10,0
DA:11,0
DA:12,0
DA:13,0
DA:14,0
DA:15,0
DA:16,0
DA:17,0
DA:18,0
DA:19,0
DA:20,0
DA:21,0
DA:22,0
DA:23,0
DA:24,0
DA:25,1
DA:26,1
DA:27,1
DA:28,1
DA:29,1
DA:30,1
DA:31,1
LF:31
LH:12
BRDA:1,0,0,1
BRDA:27,1,0,1
BRF:2
BRH:2
end_of_record
