TN:
SF:src\modules\AddTask.js
FN:3,AddTask
FNF:1
FNH:1
FNDA:1,AddTask
DA:1,1
DA:2,1
DA:3,1
DA:4,1
DA:5,1
DA:6,1
DA:7,1
DA:8,1
DA:9,1
DA:10,1
DA:11,1
DA:12,1
DA:13,1
DA:14,1
DA:15,1
DA:16,1
DA:17,1
LF:17
LH:17
BRDA:3,0,0,1
BRDA:5,1,0,0
BRF:2
BRH:1
end_of_record
TN:
SF:src\modules\Clear.js
FN:3,Clear
FNF:1
FNH:1
FNDA:1,Clear
DA:1,1
DA:2,1
DA:3,1
DA:4,1
DA:5,1
DA:6,1
DA:7,1
DA:8,1
DA:9,1
DA:10,1
DA:11,1
DA:12,1
LF:12
LH:12
BRDA:3,0,0,1
BRF:1
BRH:1
end_of_record
TN:
SF:src\modules\Editing.js
FN:1,Editing
FNF:1
FNH:1
FNDA:2,Editing
DA:1,1
DA:2,2
DA:3,2
DA:4,1
DA:5,1
DA:6,1
DA:7,1
DA:8,1
DA:9,2
DA:10,1
LF:10
LH:10
BRDA:1,0,0,2
BRDA:3,1,0,1
BRDA:5,2,0,2
BRF:3
BRH:3
end_of_record
TN:
SF:src\modules\LoadTask.js
FN:1,LoadTask
FNF:1
FNH:0
FNDA:0,LoadTask
DA:1,1
DA:2,0
DA:3,0
DA:4,0
DA:5,0
DA:6,0
DA:7,0
DA:8,0
DA:9,0
DA:10,0
DA:11,0
DA:12,0
DA:13,0
DA:14,0
DA:15,0
DA:16,0
DA:17,0
DA:18,0
DA:19,0
DA:20,0
DA:21,0
DA:22,0
DA:23,0
DA:24,0
DA:25,0
DA:26,0
DA:27,0
DA:28,0
DA:29,0
DA:30,0
DA:31,0
DA:32,0
DA:33,0
DA:34,0
DA:35,0
DA:36,0
DA:37,1
DA:38,1
LF:38
LH:3
BRF:0
BRH:0
end_of_record
TN:
SF:src\modules\RemoveTask.js
FN:3,RemoveTask
FNF:1
FNH:1
FNDA:1,RemoveTask
DA:1,1
DA:2,1
DA:3,1
DA:4,1
DA:5,1
DA:6,1
DA:7,1
DA:8,1
DA:9,1
DA:10,0
DA:11,0
DA:12,0
DA:13,0
DA:14,0
DA:15,0
DA:16,0
DA:17,0
DA:18,0
DA:19,1
DA:20,1
LF:20
LH:11
BRDA:3,0,0,1
BRDA:9,1,0,0
BRF:2
BRH:1
end_of_record
TN:
SF:src\modules\checkbox.js
FN:1,CheckBoxes
FNF:1
FNH:1
FNDA:2,CheckBoxes
DA:1,1
DA:2,2
DA:3,2
DA:4,1
DA:5,1
DA:6,1
DA:7,1
DA:8,1
DA:9,2
DA:10,1
DA:11,1
LF:11
LH:11
BRDA:1,0,0,2
BRDA:3,1,0,1
BRDA:5,2,0,2
BRF:3
BRH:3
end_of_record
